<?xml version="1.0" encoding="UTF-8"?>
<testsuite xmlns:xsi="http://www.w3.org/2001/XMLSchema-instance" xsi:noNamespaceSchemaLocation="https://maven.apache.org/surefire/maven-surefire-plugin/xsd/surefire-test-report-3.0.xsd" version="3.0" name="ru.netology.geoLocal.GeoServiceImplByIpTest" time="0.361" tests="6" errors="1" skipped="0" failures="4">
  <properties>
    <property name="java.specification.version" value="19"/>
    <property name="sun.cpu.isalist" value="amd64"/>
    <property name="sun.jnu.encoding" value="Cp1251"/>
    <property name="java.class.path" value="C:\Users\Андрей\IdeaProjects\geo-service\target\test-classes;C:\Users\Андрей\IdeaProjects\geo-service\target\classes;C:\Users\Андрей\.m2\repository\org\junit\jupiter\junit-jupiter-engine\5.9.2\junit-jupiter-engine-5.9.2.jar;C:\Users\Андрей\.m2\repository\org\junit\platform\junit-platform-engine\1.9.2\junit-platform-engine-1.9.2.jar;C:\Users\Андрей\.m2\repository\org\apiguardian\apiguardian-api\1.1.2\apiguardian-api-1.1.2.jar;C:\Users\Андрей\.m2\repository\org\mockito\mockito-junit-jupiter\4.11.0\mockito-junit-jupiter-4.11.0.jar;C:\Users\Андрей\.m2\repository\org\junit\jupiter\junit-jupiter-params\5.9.2\junit-jupiter-params-5.9.2.jar;C:\Users\Андрей\.m2\repository\org\junit\jupiter\junit-jupiter-api\5.9.2\junit-jupiter-api-5.9.2.jar;C:\Users\Андрей\.m2\repository\org\opentest4j\opentest4j\1.2.0\opentest4j-1.2.0.jar;C:\Users\Андрей\.m2\repository\org\junit\platform\junit-platform-commons\1.9.2\junit-platform-commons-1.9.2.jar;C:\Users\Андрей\.m2\repository\org\mockito\mockito-core\4.11.0\mockito-core-4.11.0.jar;C:\Users\Андрей\.m2\repository\net\bytebuddy\byte-buddy\1.12.19\byte-buddy-1.12.19.jar;C:\Users\Андрей\.m2\repository\net\bytebuddy\byte-buddy-agent\1.12.19\byte-buddy-agent-1.12.19.jar;C:\Users\Андрей\.m2\repository\org\objenesis\objenesis\3.3\objenesis-3.3.jar;"/>
    <property name="java.vm.vendor" value="Oracle Corporation"/>
    <property name="sun.arch.data.model" value="64"/>
    <property name="user.variant" value=""/>
    <property name="java.vendor.url" value="https://java.oracle.com/"/>
    <property name="user.timezone" value="Europe/Moscow"/>
    <property name="user.country.format" value="RU"/>
    <property name="os.name" value="Windows 7"/>
    <property name="java.vm.specification.version" value="19"/>
    <property name="sun.java.launcher" value="SUN_STANDARD"/>
    <property name="user.country" value="US"/>
    <property name="sun.boot.library.path" value="C:\Users\Андрей\.jdks\openjdk-19.0.2\bin"/>
    <property name="sun.java.command" value="C:\Users\Андрей\AppData\Local\Temp\surefire6746574605602241309\surefirebooter9679282448527063613.jar C:\Users\Андрей\AppData\Local\Temp\surefire6746574605602241309 2023-02-15T23-26-40_811-jvmRun1 surefire13120653352745912631tmp surefire_014492708648832233839tmp"/>
    <property name="jdk.debug" value="release"/>
    <property name="surefire.test.class.path" value="C:\Users\Андрей\IdeaProjects\geo-service\target\test-classes;C:\Users\Андрей\IdeaProjects\geo-service\target\classes;C:\Users\Андрей\.m2\repository\org\junit\jupiter\junit-jupiter-engine\5.9.2\junit-jupiter-engine-5.9.2.jar;C:\Users\Андрей\.m2\repository\org\junit\platform\junit-platform-engine\1.9.2\junit-platform-engine-1.9.2.jar;C:\Users\Андрей\.m2\repository\org\apiguardian\apiguardian-api\1.1.2\apiguardian-api-1.1.2.jar;C:\Users\Андрей\.m2\repository\org\mockito\mockito-junit-jupiter\4.11.0\mockito-junit-jupiter-4.11.0.jar;C:\Users\Андрей\.m2\repository\org\junit\jupiter\junit-jupiter-params\5.9.2\junit-jupiter-params-5.9.2.jar;C:\Users\Андрей\.m2\repository\org\junit\jupiter\junit-jupiter-api\5.9.2\junit-jupiter-api-5.9.2.jar;C:\Users\Андрей\.m2\repository\org\opentest4j\opentest4j\1.2.0\opentest4j-1.2.0.jar;C:\Users\Андрей\.m2\repository\org\junit\platform\junit-platform-commons\1.9.2\junit-platform-commons-1.9.2.jar;C:\Users\Андрей\.m2\repository\org\mockito\mockito-core\4.11.0\mockito-core-4.11.0.jar;C:\Users\Андрей\.m2\repository\net\bytebuddy\byte-buddy\1.12.19\byte-buddy-1.12.19.jar;C:\Users\Андрей\.m2\repository\net\bytebuddy\byte-buddy-agent\1.12.19\byte-buddy-agent-1.12.19.jar;C:\Users\Андрей\.m2\repository\org\objenesis\objenesis\3.3\objenesis-3.3.jar;"/>
    <property name="sun.cpu.endian" value="little"/>
    <property name="user.home" value="C:\Users\Андрей"/>
    <property name="user.language" value="en"/>
    <property name="java.specification.vendor" value="Oracle Corporation"/>
    <property name="java.version.date" value="2023-01-17"/>
    <property name="java.home" value="C:\Users\Андрей\.jdks\openjdk-19.0.2"/>
    <property name="file.separator" value="\"/>
    <property name="basedir" value="C:\Users\Андрей\IdeaProjects\geo-service"/>
    <property name="java.vm.compressedOopsMode" value="32-bit"/>
    <property name="line.separator" value="&#10;"/>
    <property name="java.vm.specification.vendor" value="Oracle Corporation"/>
    <property name="java.specification.name" value="Java Platform API Specification"/>
    <property name="surefire.real.class.path" value="C:\Users\Андрей\AppData\Local\Temp\surefire6746574605602241309\surefirebooter9679282448527063613.jar"/>
    <property name="user.script" value=""/>
    <property name="sun.management.compiler" value="HotSpot 64-Bit Tiered Compilers"/>
    <property name="java.runtime.version" value="19.0.2+7-44"/>
    <property name="user.name" value="Андрей"/>
    <property name="stdout.encoding" value="Cp1251"/>
    <property name="path.separator" value=";"/>
    <property name="os.version" value="6.1"/>
    <property name="java.runtime.name" value="OpenJDK Runtime Environment"/>
    <property name="file.encoding" value="UTF-8"/>
    <property name="java.vm.name" value="OpenJDK 64-Bit Server VM"/>
    <property name="localRepository" value="C:\Users\Андрей\.m2\repository"/>
    <property name="java.vendor.url.bug" value="https://bugreport.java.com/bugreport/"/>
    <property name="java.io.tmpdir" value="C:\Users\A4F7~1\AppData\Local\Temp\"/>
    <property name="idea.version" value="2022.2.1"/>
    <property name="java.version" value="19.0.2"/>
    <property name="user.dir" value="C:\Users\Андрей\IdeaProjects\geo-service"/>
    <property name="os.arch" value="amd64"/>
    <property name="java.vm.specification.name" value="Java Virtual Machine Specification"/>
    <property name="user.language.format" value="ru"/>
    <property name="sun.os.patch.level" value="Service Pack 1"/>
    <property name="native.encoding" value="Cp1251"/>
    <property name="java.library.path" value="C:\Users\Андрей\.jdks\openjdk-19.0.2\bin;C:\Windows\Sun\Java\bin;C:\Windows\system32;C:\Windows;C:\Program Files\Common Files\Oracle\Java\javapath;C:\ProgramData\Oracle\Java\javapath;C:\Windows\system32;C:\Windows;C:\Windows\System32\Wbem;C:\Windows\System32\WindowsPowerShell\v1.0\;C:\Program Files (x86)\NVIDIA Corporation\PhysX\Common;C:\Program Files\7-Zip;C:\Program Files\Git\cmd;;C:\Users\Андрей\AppData\Local\JetBrains\Toolbox\scripts;."/>
    <property name="java.vm.info" value="mixed mode, sharing"/>
    <property name="stderr.encoding" value="Cp1251"/>
    <property name="java.vendor" value="Oracle Corporation"/>
    <property name="java.vm.version" value="19.0.2+7-44"/>
    <property name="sun.io.unicode.encoding" value="UnicodeLittle"/>
    <property name="java.class.version" value="63.0"/>
  </properties>
  <testcase name="byCoordinates" classname="ru.netology.geoLocal.GeoServiceImplByIpTest" time="0.049">
    <system-out><![CDATA[Before all
Before each test
After each test
]]></system-out>
  </testcase>
  <testcase name="byIpTest(String, Location)[1]" classname="ru.netology.geoLocal.GeoServiceImplByIpTest" time="0.104">
    <failure type="org.opentest4j.AssertionFailedError"><![CDATA[org.opentest4j.AssertionFailedError: expected: <ru.netology.entity.Location@3754a4bf> but was: <ru.netology.entity.Location@131ef10>
	at ru.netology.geoLocal.GeoServiceImplByIpTest.byIpTest(GeoServiceImplByIpTest.java:48)
]]></failure>
    <system-out><![CDATA[Before each test
Test byIp with parameters
After each test
]]></system-out>
  </testcase>
  <testcase name="byIpTest(String, Location)[2]" classname="ru.netology.geoLocal.GeoServiceImplByIpTest" time="0.003">
    <failure type="org.opentest4j.AssertionFailedError"><![CDATA[org.opentest4j.AssertionFailedError: expected: <ru.netology.entity.Location@399c4be1> but was: <ru.netology.entity.Location@291caca8>
	at ru.netology.geoLocal.GeoServiceImplByIpTest.byIpTest(GeoServiceImplByIpTest.java:48)
]]></failure>
    <system-out><![CDATA[Before each test
Test byIp with parameters
After each test
]]></system-out>
  </testcase>
  <testcase name="byIpTest(String, Location)[3]" classname="ru.netology.geoLocal.GeoServiceImplByIpTest" time="0.005">
    <failure type="org.opentest4j.AssertionFailedError"><![CDATA[org.opentest4j.AssertionFailedError: expected: <ru.netology.entity.Location@385e9564> but was: <ru.netology.entity.Location@5b94b04d>
	at ru.netology.geoLocal.GeoServiceImplByIpTest.byIpTest(GeoServiceImplByIpTest.java:48)
]]></failure>
    <system-out><![CDATA[Before each test
Test byIp with parameters
After each test
]]></system-out>
  </testcase>
  <testcase name="byIpTest(String, Location)[4]" classname="ru.netology.geoLocal.GeoServiceImplByIpTest" time="0.003">
    <failure type="org.opentest4j.AssertionFailedError"><![CDATA[org.opentest4j.AssertionFailedError: expected: <ru.netology.entity.Location@8c3b9d> but was: <ru.netology.entity.Location@4c39bec8>
	at ru.netology.geoLocal.GeoServiceImplByIpTest.byIpTest(GeoServiceImplByIpTest.java:48)
]]></failure>
    <system-out><![CDATA[Before each test
Test byIp with parameters
After each test
]]></system-out>
  </testcase>
  <testcase name="byIpTest(String, Location)[5]" classname="ru.netology.geoLocal.GeoServiceImplByIpTest" time="0.012">
    <error type="org.junit.jupiter.api.extension.ParameterResolutionException"><![CDATA[org.junit.jupiter.api.extension.ParameterResolutionException: Error converting parameter at index 1: No implicit conversion to convert object of type java.lang.String to type ru.netology.entity.Location
Caused by: org.junit.jupiter.params.converter.ArgumentConversionException: No implicit conversion to convert object of type java.lang.String to type ru.netology.entity.Location
]]></error>
    <system-out><![CDATA[Before each test
After each test
]]></system-out>
  </testcase>
</testsuite>